<?xml version="1.0" encoding="UTF-8"?>
<testsuite name="CorrecterTest" tests="1" skipped="0" failures="0" errors="0" timestamp="2020-07-03T15:05:38" hostname="DESKTOP-GJH2GDS" time="0.44">
  <properties/>
  <testcase name="start" classname="CorrecterTest" time="0.44"/>
  <system-out><![CDATA[?[1;31m
Start test 1?[0m
> encode
str = 0100
str = 0101
str = 0110
str = 0001
str = 0111
str = 0100
str = 0010
str = 0000
str = 0110
str = 1101
str = 0110
str = 1111
str = 0111
str = 0010
str = 0110
str = 0101
str = 0010
str = 0000
str = 0110
str = 1111
str = 0110
str = 0110
str = 0010
str = 0000
str = 0111
str = 0100
str = 0110
str = 1000
str = 0110
str = 0101
str = 0111
str = 0011
str = 0110
str = 0101
str = 0010
str = 0000
str = 0110
str = 0110
str = 0111
str = 0010
str = 0110
str = 0101
str = 0110
str = 1110
str = 0110
str = 0011
str = 0110
str = 1000
str = 0010
str = 0000
str = 0110
str = 0010
str = 0111
str = 0101
str = 0110
str = 1110
str = 0111
str = 0011
str = 0010
str = 0001
?[1;31m
Start test 2?[0m
> send
?[1;31m
Start test 3?[0m
> decode
?[1;31m
Start test 4?[0m
> encode
str = 0010
str = 0100
str = 0110
str = 1111
str = 0110
str = 1101
str = 0110
str = 0101
str = 0010
str = 0000
str = 0111
str = 0010
str = 0110
str = 0001
str = 0110
str = 1110
str = 0110
str = 0100
str = 0011
str = 0000
str = 0110
str = 1101
str = 0010
str = 0000
str = 0110
str = 1101
str = 0110
str = 0101
str = 0111
str = 0011
str = 0111
str = 0011
str = 0100
str = 0001
str = 0110
str = 0111
str = 0110
str = 0101
?[1;31m
Start test 5?[0m
> send
?[1;31m
Start test 6?[0m
> decode
?[1;31m
Start test 7?[0m
> encode
str = 0110
str = 0010
str = 0110
str = 0101
str = 0111
str = 0100
str = 0111
str = 0100
str = 0110
str = 0101
str = 0111
str = 0010
str = 0010
str = 0000
str = 0110
str = 0011
str = 0110
str = 0001
str = 0110
str = 1100
str = 0110
str = 1100
str = 0010
str = 0000
str = 0101
str = 0011
str = 0110
str = 0001
str = 0111
str = 0101
str = 0110
str = 1100
str = 0010
str = 0000
str = 0011
str = 0101
str = 0011
str = 0101
str = 0011
str = 0101
str = 0010
str = 1101
str = 0011
str = 0000
str = 0011
str = 0000
str = 0010
str = 1101
str = 0011
str = 0111
str = 0011
str = 0011
str = 0010
str = 0001
?[1;31m
Start test 8?[0m
> send
?[1;31m
Start test 9?[0m
> decode
?[1;31m
Start test 10?[0m
> encode
str = 0011
str = 0101
str = 0011
str = 0101
str = 0011
str = 0100
str = 0011
str = 1000
str = 0011
str = 0001
str = 0011
str = 0111
str = 0011
str = 0010
str = 0010
str = 0000
str = 0011
str = 0110
str = 0011
str = 0101
str = 0011
str = 0100
str = 0011
str = 1000
str = 0010
str = 0000
str = 0011
str = 0010
str = 0011
str = 0010
str = 0011
str = 0101
str = 0011
str = 0001
str = 0011
str = 0100
str = 0011
str = 0111
str = 0010
str = 0000
str = 0011
str = 0010
str = 0011
str = 0011
str = 0011
str = 0110
str = 0011
str = 0101
str = 0011
str = 0110
str = 0011
str = 0101
str = 0011
str = 1001
str = 0011
str = 0101
str = 0010
str = 0000
str = 0011
str = 0101
str = 0011
str = 0001
str = 0011
str = 0101
str = 0011
str = 0101
?[1;31m
Start test 11?[0m
> send
?[1;31m
Start test 12?[0m
> decode
]]></system-out>
  <system-err><![CDATA[]]></system-err>
</testsuite>
